###############################################################################
#
# IAR ANSI C/C++ Compiler V7.50.3.10732/W32 for ARM       14/Apr/2016  18:36:47
# Copyright 1999-2016 IAR Systems AB.
#
#    Cpu mode     =  thumb
#    Endian       =  little
#    Source file  =  
#        C:\Users\mehta\Documents\GitHub\EMBSYS110_Assign_1\BSP\ST\StdPeripheralDrivers\misc.c
#    Command line =  
#        C:\Users\mehta\Documents\GitHub\EMBSYS110_Assign_1\BSP\ST\StdPeripheralDrivers\misc.c
#        -D USE_STDPERIPH_DRIVER -D STM32F401xx -lCN
#        C:\Users\mehta\Documents\GitHub\EMBSYS110_Assign_1\Debug\List -o
#        C:\Users\mehta\Documents\GitHub\EMBSYS110_Assign_1\Debug\Obj --no_cse
#        --no_unroll --no_inline --no_code_motion --no_tbaa --no_clustering
#        --no_scheduling --debug --endian=little --cpu=Cortex-M4 -e --fpu=None
#        --dlib_config "C:\Program Files (x86)\IAR Systems\Embedded Workbench
#        7.3\arm\INC\c\DLib_Config_Normal.h" -I .\ -I
#        C:\Users\mehta\Documents\GitHub\EMBSYS110_Assign_1\Util\ -I
#        C:\Users\mehta\Documents\GitHub\EMBSYS110_Assign_1\BSP\ -I
#        C:\Users\mehta\Documents\GitHub\EMBSYS110_Assign_1\BSP\CMSIS\ -I
#        C:\Users\mehta\Documents\GitHub\EMBSYS110_Assign_1\BSP\ST\StdPeripheralDrivers\
#        -I C:\Users\mehta\Documents\GitHub\EMBSYS110_Assign_1\Task\ -I
#        C:\Users\mehta\Documents\GitHub\EMBSYS110_Assign_1\Types\ -On
#    List file    =  
#        C:\Users\mehta\Documents\GitHub\EMBSYS110_Assign_1\Debug\List\misc.lst
#    Object file  =  
#        C:\Users\mehta\Documents\GitHub\EMBSYS110_Assign_1\Debug\Obj\misc.o
#
###############################################################################

C:\Users\mehta\Documents\GitHub\EMBSYS110_Assign_1\BSP\ST\StdPeripheralDrivers\misc.c
      1          /**
      2            ******************************************************************************
      3            * @file    misc.c
      4            * @author  MCD Application Team
      5            * @version V1.6.1
      6            * @date    21-October-2015
      7            * @brief   This file provides all the miscellaneous firmware functions (add-on
      8            *          to CMSIS functions).
      9            *          
     10            *  @verbatim   
     11            *                               
     12            *          ===================================================================      
     13            *                        How to configure Interrupts using driver 
     14            *          ===================================================================      
     15            * 
     16            *            This section provide functions allowing to configure the NVIC interrupts (IRQ).
     17            *            The Cortex-M4 exceptions are managed by CMSIS functions.
     18            *
     19            *            1. Configure the NVIC Priority Grouping using NVIC_PriorityGroupConfig()
     20            *                function according to the following table.
     21           
     22            *  The table below gives the allowed values of the pre-emption priority and subpriority according
     23            *  to the Priority Grouping configuration performed by NVIC_PriorityGroupConfig function
     24            *    ==========================================================================================================================
     25            *      NVIC_PriorityGroup   | NVIC_IRQChannelPreemptionPriority | NVIC_IRQChannelSubPriority  |       Description
     26            *    ==========================================================================================================================
     27            *     NVIC_PriorityGroup_0  |                0                  |            0-15             | 0 bits for pre-emption priority
     28            *                           |                                   |                             | 4 bits for subpriority
     29            *    --------------------------------------------------------------------------------------------------------------------------
     30            *     NVIC_PriorityGroup_1  |                0-1                |            0-7              | 1 bits for pre-emption priority
     31            *                           |                                   |                             | 3 bits for subpriority
     32            *    --------------------------------------------------------------------------------------------------------------------------    
     33            *     NVIC_PriorityGroup_2  |                0-3                |            0-3              | 2 bits for pre-emption priority
     34            *                           |                                   |                             | 2 bits for subpriority
     35            *    --------------------------------------------------------------------------------------------------------------------------    
     36            *     NVIC_PriorityGroup_3  |                0-7                |            0-1              | 3 bits for pre-emption priority
     37            *                           |                                   |                             | 1 bits for subpriority
     38            *    --------------------------------------------------------------------------------------------------------------------------    
     39            *     NVIC_PriorityGroup_4  |                0-15               |            0                | 4 bits for pre-emption priority
     40            *                           |                                   |                             | 0 bits for subpriority                       
     41            *    ==========================================================================================================================     
     42            *
     43            *            2. Enable and Configure the priority of the selected IRQ Channels using NVIC_Init()  
     44            *
     45            * @note  When the NVIC_PriorityGroup_0 is selected, IRQ pre-emption is no more possible. 
     46            *        The pending IRQ priority will be managed only by the subpriority.
     47            *
     48            * @note  IRQ priority order (sorted by highest to lowest priority):
     49            *         - Lowest pre-emption priority
     50            *         - Lowest subpriority
     51            *         - Lowest hardware priority (IRQ number)
     52            *
     53            *  @endverbatim
     54            *
     55            ******************************************************************************
     56            * @attention
     57            *
     58            * <h2><center>&copy; COPYRIGHT 2015 STMicroelectronics</center></h2>
     59            *
     60            * Licensed under MCD-ST Liberty SW License Agreement V2, (the "License");
     61            * You may not use this file except in compliance with the License.
     62            * You may obtain a copy of the License at:
     63            *
     64            *        http://www.st.com/software_license_agreement_liberty_v2
     65            *
     66            * Unless required by applicable law or agreed to in writing, software 
     67            * distributed under the License is distributed on an "AS IS" BASIS, 
     68            * WITHOUT WARRANTIES OR CONDITIONS OF ANY KIND, either express or implied.
     69            * See the License for the specific language governing permissions and
     70            * limitations under the License.
     71            *
     72            ******************************************************************************
     73            */
     74          
     75          /* Includes ------------------------------------------------------------------*/
     76          #include "misc.h"
     77          
     78          /** @addtogroup STM32F4xx_StdPeriph_Driver
     79            * @{
     80            */
     81          
     82          /** @defgroup MISC 
     83            * @brief MISC driver modules
     84            * @{
     85            */
     86          
     87          /* Private typedef -----------------------------------------------------------*/
     88          /* Private define ------------------------------------------------------------*/
     89          #define AIRCR_VECTKEY_MASK    ((uint32_t)0x05FA0000)
     90          
     91          /* Private macro -------------------------------------------------------------*/
     92          /* Private variables ---------------------------------------------------------*/
     93          /* Private function prototypes -----------------------------------------------*/
     94          /* Private functions ---------------------------------------------------------*/
     95          
     96          /** @defgroup MISC_Private_Functions
     97            * @{
     98            */
     99          
    100          /**
    101            * @brief  Configures the priority grouping: pre-emption priority and subpriority.
    102            * @param  NVIC_PriorityGroup: specifies the priority grouping bits length. 
    103            *   This parameter can be one of the following values:
    104            *     @arg NVIC_PriorityGroup_0: 0 bits for pre-emption priority
    105            *                                4 bits for subpriority
    106            *     @arg NVIC_PriorityGroup_1: 1 bits for pre-emption priority
    107            *                                3 bits for subpriority
    108            *     @arg NVIC_PriorityGroup_2: 2 bits for pre-emption priority
    109            *                                2 bits for subpriority
    110            *     @arg NVIC_PriorityGroup_3: 3 bits for pre-emption priority
    111            *                                1 bits for subpriority
    112            *     @arg NVIC_PriorityGroup_4: 4 bits for pre-emption priority
    113            *                                0 bits for subpriority
    114            * @note   When the NVIC_PriorityGroup_0 is selected, IRQ pre-emption is no more possible. 
    115            *         The pending IRQ priority will be managed only by the subpriority. 
    116            * @retval None
    117            */

   \                                 In section .text, align 2, keep-with-next
    118          void NVIC_PriorityGroupConfig(uint32_t NVIC_PriorityGroup)
    119          {
    120            /* Check the parameters */
    121            assert_param(IS_NVIC_PRIORITY_GROUP(NVIC_PriorityGroup));
    122            
    123            /* Set the PRIGROUP[10:8] bits according to NVIC_PriorityGroup value */
    124            SCB->AIRCR = AIRCR_VECTKEY_MASK | NVIC_PriorityGroup;
   \                     NVIC_PriorityGroupConfig: (+1)
   \   00000000   0x....             LDR.N    R1,??DataTable4  ;; 0x5fa0000
   \   00000002   0x4301             ORRS     R1,R1,R0
   \   00000004   0x....             LDR.N    R2,??DataTable4_1  ;; 0xe000ed0c
   \   00000006   0x6011             STR      R1,[R2, #+0]
    125          }
   \   00000008   0x4770             BX       LR               ;; return
    126          
    127          /**
    128            * @brief  Initializes the NVIC peripheral according to the specified
    129            *         parameters in the NVIC_InitStruct.
    130            * @note   To configure interrupts priority correctly, the NVIC_PriorityGroupConfig()
    131            *         function should be called before. 
    132            * @param  NVIC_InitStruct: pointer to a NVIC_InitTypeDef structure that contains
    133            *         the configuration information for the specified NVIC peripheral.
    134            * @retval None
    135            */

   \                                 In section .text, align 2, keep-with-next
    136          void NVIC_Init(NVIC_InitTypeDef* NVIC_InitStruct)
    137          {
   \                     NVIC_Init: (+1)
   \   00000000   0xB470             PUSH     {R4-R6}
    138            uint8_t tmppriority = 0x00, tmppre = 0x00, tmpsub = 0x0F;
   \   00000002   0x2300             MOVS     R3,#+0
   \   00000004   0x2100             MOVS     R1,#+0
   \   00000006   0x220F             MOVS     R2,#+15
    139            
    140            /* Check the parameters */
    141            assert_param(IS_FUNCTIONAL_STATE(NVIC_InitStruct->NVIC_IRQChannelCmd));
    142            assert_param(IS_NVIC_PREEMPTION_PRIORITY(NVIC_InitStruct->NVIC_IRQChannelPreemptionPriority));  
    143            assert_param(IS_NVIC_SUB_PRIORITY(NVIC_InitStruct->NVIC_IRQChannelSubPriority));
    144              
    145            if (NVIC_InitStruct->NVIC_IRQChannelCmd != DISABLE)
   \   00000008   0x78C4             LDRB     R4,[R0, #+3]
   \   0000000A   0x2C00             CMP      R4,#+0
   \   0000000C   0xD021             BEQ.N    ??NVIC_Init_0
    146            {
    147              /* Compute the Corresponding IRQ Priority --------------------------------*/    
    148              tmppriority = (0x700 - ((SCB->AIRCR) & (uint32_t)0x700))>> 0x08;
   \   0000000E   0x....             LDR.N    R4,??DataTable4_1  ;; 0xe000ed0c
   \   00000010   0x6824             LDR      R4,[R4, #+0]
   \   00000012   0xF414 0x64E0      ANDS     R4,R4,#0x700
   \   00000016   0xF5D4 0x64E0      RSBS     R4,R4,#+1792
   \   0000001A   0x0A24             LSRS     R4,R4,#+8
   \   0000001C   0x0023             MOVS     R3,R4
    149              tmppre = (0x4 - tmppriority);
   \   0000001E   0xF1D3 0x0404      RSBS     R4,R3,#+4
   \   00000022   0x0021             MOVS     R1,R4
    150              tmpsub = tmpsub >> tmppriority;
   \   00000024   0xB2D2             UXTB     R2,R2            ;; ZeroExt  R2,R2,#+24,#+24
   \   00000026   0x411A             ASRS     R2,R2,R3
    151          
    152              tmppriority = NVIC_InitStruct->NVIC_IRQChannelPreemptionPriority << tmppre;
   \   00000028   0x7844             LDRB     R4,[R0, #+1]
   \   0000002A   0x408C             LSLS     R4,R4,R1
   \   0000002C   0x0023             MOVS     R3,R4
    153              tmppriority |=  (uint8_t)(NVIC_InitStruct->NVIC_IRQChannelSubPriority & tmpsub);
   \   0000002E   0x7884             LDRB     R4,[R0, #+2]
   \   00000030   0x4014             ANDS     R4,R2,R4
   \   00000032   0x4323             ORRS     R3,R4,R3
    154                  
    155              tmppriority = tmppriority << 0x04;
   \   00000034   0x011B             LSLS     R3,R3,#+4
    156                  
    157              NVIC->IP[NVIC_InitStruct->NVIC_IRQChannel] = tmppriority;
   \   00000036   0x....             LDR.N    R4,??DataTable4_2  ;; 0xe000e400
   \   00000038   0x7805             LDRB     R5,[R0, #+0]
   \   0000003A   0x552B             STRB     R3,[R5, R4]
    158              
    159              /* Enable the Selected IRQ Channels --------------------------------------*/
    160              NVIC->ISER[NVIC_InitStruct->NVIC_IRQChannel >> 0x05] =
    161                (uint32_t)0x01 << (NVIC_InitStruct->NVIC_IRQChannel & (uint8_t)0x1F);
   \   0000003C   0x2401             MOVS     R4,#+1
   \   0000003E   0x7805             LDRB     R5,[R0, #+0]
   \   00000040   0xF015 0x051F      ANDS     R5,R5,#0x1F
   \   00000044   0x40AC             LSLS     R4,R4,R5
   \   00000046   0x....             LDR.N    R5,??DataTable4_3  ;; 0xe000e100
   \   00000048   0x7806             LDRB     R6,[R0, #+0]
   \   0000004A   0x1176             ASRS     R6,R6,#+5
   \   0000004C   0xF845 0x4026      STR      R4,[R5, R6, LSL #+2]
   \   00000050   0xE009             B.N      ??NVIC_Init_1
    162            }
    163            else
    164            {
    165              /* Disable the Selected IRQ Channels -------------------------------------*/
    166              NVIC->ICER[NVIC_InitStruct->NVIC_IRQChannel >> 0x05] =
    167                (uint32_t)0x01 << (NVIC_InitStruct->NVIC_IRQChannel & (uint8_t)0x1F);
   \                     ??NVIC_Init_0: (+1)
   \   00000052   0x2401             MOVS     R4,#+1
   \   00000054   0x7805             LDRB     R5,[R0, #+0]
   \   00000056   0xF015 0x051F      ANDS     R5,R5,#0x1F
   \   0000005A   0x40AC             LSLS     R4,R4,R5
   \   0000005C   0x....             LDR.N    R5,??DataTable4_4  ;; 0xe000e180
   \   0000005E   0x7806             LDRB     R6,[R0, #+0]
   \   00000060   0x1176             ASRS     R6,R6,#+5
   \   00000062   0xF845 0x4026      STR      R4,[R5, R6, LSL #+2]
    168            }
    169          }
   \                     ??NVIC_Init_1: (+1)
   \   00000066   0xBC70             POP      {R4-R6}
   \   00000068   0x4770             BX       LR               ;; return
    170          
    171          /**
    172            * @brief  Sets the vector table location and Offset.
    173            * @param  NVIC_VectTab: specifies if the vector table is in RAM or FLASH memory.
    174            *   This parameter can be one of the following values:
    175            *     @arg NVIC_VectTab_RAM: Vector Table in internal SRAM.
    176            *     @arg NVIC_VectTab_FLASH: Vector Table in internal FLASH.
    177            * @param  Offset: Vector Table base offset field. This value must be a multiple of 0x200.
    178            * @retval None
    179            */

   \                                 In section .text, align 2, keep-with-next
    180          void NVIC_SetVectorTable(uint32_t NVIC_VectTab, uint32_t Offset)
    181          { 
    182            /* Check the parameters */
    183            assert_param(IS_NVIC_VECTTAB(NVIC_VectTab));
    184            assert_param(IS_NVIC_OFFSET(Offset));  
    185             
    186            SCB->VTOR = NVIC_VectTab | (Offset & (uint32_t)0x1FFFFF80);
   \                     NVIC_SetVectorTable: (+1)
   \   00000000   0x....             LDR.N    R2,??DataTable4_5  ;; 0x1fffff80
   \   00000002   0x400A             ANDS     R2,R2,R1
   \   00000004   0x4302             ORRS     R2,R2,R0
   \   00000006   0x....             LDR.N    R3,??DataTable4_6  ;; 0xe000ed08
   \   00000008   0x601A             STR      R2,[R3, #+0]
    187          }
   \   0000000A   0x4770             BX       LR               ;; return
    188          
    189          /**
    190            * @brief  Selects the condition for the system to enter low power mode.
    191            * @param  LowPowerMode: Specifies the new mode for the system to enter low power mode.
    192            *   This parameter can be one of the following values:
    193            *     @arg NVIC_LP_SEVONPEND: Low Power SEV on Pend.
    194            *     @arg NVIC_LP_SLEEPDEEP: Low Power DEEPSLEEP request.
    195            *     @arg NVIC_LP_SLEEPONEXIT: Low Power Sleep on Exit.
    196            * @param  NewState: new state of LP condition. This parameter can be: ENABLE or DISABLE.
    197            * @retval None
    198            */

   \                                 In section .text, align 2, keep-with-next
    199          void NVIC_SystemLPConfig(uint8_t LowPowerMode, FunctionalState NewState)
    200          {
    201            /* Check the parameters */
    202            assert_param(IS_NVIC_LP(LowPowerMode));
    203            assert_param(IS_FUNCTIONAL_STATE(NewState));  
    204            
    205            if (NewState != DISABLE)
   \                     NVIC_SystemLPConfig: (+1)
   \   00000000   0xB2C9             UXTB     R1,R1            ;; ZeroExt  R1,R1,#+24,#+24
   \   00000002   0x2900             CMP      R1,#+0
   \   00000004   0xD006             BEQ.N    ??NVIC_SystemLPConfig_0
    206            {
    207              SCB->SCR |= LowPowerMode;
   \   00000006   0x....             LDR.N    R2,??DataTable4_7  ;; 0xe000ed10
   \   00000008   0x6812             LDR      R2,[R2, #+0]
   \   0000000A   0xB2C0             UXTB     R0,R0            ;; ZeroExt  R0,R0,#+24,#+24
   \   0000000C   0x4302             ORRS     R2,R0,R2
   \   0000000E   0x....             LDR.N    R3,??DataTable4_7  ;; 0xe000ed10
   \   00000010   0x601A             STR      R2,[R3, #+0]
   \   00000012   0xE005             B.N      ??NVIC_SystemLPConfig_1
    208            }
    209            else
    210            {
    211              SCB->SCR &= (uint32_t)(~(uint32_t)LowPowerMode);
   \                     ??NVIC_SystemLPConfig_0: (+1)
   \   00000014   0x....             LDR.N    R2,??DataTable4_7  ;; 0xe000ed10
   \   00000016   0x6812             LDR      R2,[R2, #+0]
   \   00000018   0xB2C0             UXTB     R0,R0            ;; ZeroExt  R0,R0,#+24,#+24
   \   0000001A   0x4382             BICS     R2,R2,R0
   \   0000001C   0x....             LDR.N    R3,??DataTable4_7  ;; 0xe000ed10
   \   0000001E   0x601A             STR      R2,[R3, #+0]
    212            }
    213          }
   \                     ??NVIC_SystemLPConfig_1: (+1)
   \   00000020   0x4770             BX       LR               ;; return
    214          
    215          /**
    216            * @brief  Configures the SysTick clock source.
    217            * @param  SysTick_CLKSource: specifies the SysTick clock source.
    218            *   This parameter can be one of the following values:
    219            *     @arg SysTick_CLKSource_HCLK_Div8: AHB clock divided by 8 selected as SysTick clock source.
    220            *     @arg SysTick_CLKSource_HCLK: AHB clock selected as SysTick clock source.
    221            * @retval None
    222            */

   \                                 In section .text, align 2, keep-with-next
    223          void SysTick_CLKSourceConfig(uint32_t SysTick_CLKSource)
    224          {
    225            /* Check the parameters */
    226            assert_param(IS_SYSTICK_CLK_SOURCE(SysTick_CLKSource));
    227            if (SysTick_CLKSource == SysTick_CLKSource_HCLK)
   \                     SysTick_CLKSourceConfig: (+1)
   \   00000000   0x2804             CMP      R0,#+4
   \   00000002   0xD106             BNE.N    ??SysTick_CLKSourceConfig_0
    228            {
    229              SysTick->CTRL |= SysTick_CLKSource_HCLK;
   \   00000004   0x....             LDR.N    R1,??DataTable4_8  ;; 0xe000e010
   \   00000006   0x6809             LDR      R1,[R1, #+0]
   \   00000008   0xF051 0x0104      ORRS     R1,R1,#0x4
   \   0000000C   0x....             LDR.N    R2,??DataTable4_8  ;; 0xe000e010
   \   0000000E   0x6011             STR      R1,[R2, #+0]
   \   00000010   0xE005             B.N      ??SysTick_CLKSourceConfig_1
    230            }
    231            else
    232            {
    233              SysTick->CTRL &= SysTick_CLKSource_HCLK_Div8;
   \                     ??SysTick_CLKSourceConfig_0: (+1)
   \   00000012   0x....             LDR.N    R1,??DataTable4_8  ;; 0xe000e010
   \   00000014   0x6809             LDR      R1,[R1, #+0]
   \   00000016   0xF031 0x0104      BICS     R1,R1,#0x4
   \   0000001A   0x....             LDR.N    R2,??DataTable4_8  ;; 0xe000e010
   \   0000001C   0x6011             STR      R1,[R2, #+0]
    234            }
    235          }
   \                     ??SysTick_CLKSourceConfig_1: (+1)
   \   0000001E   0x4770             BX       LR               ;; return

   \                                 In section .text, align 4, keep-with-next
   \                     ??DataTable4:
   \   00000000   0x05FA0000         DC32     0x5fa0000

   \                                 In section .text, align 4, keep-with-next
   \                     ??DataTable4_1:
   \   00000000   0xE000ED0C         DC32     0xe000ed0c

   \                                 In section .text, align 4, keep-with-next
   \                     ??DataTable4_2:
   \   00000000   0xE000E400         DC32     0xe000e400

   \                                 In section .text, align 4, keep-with-next
   \                     ??DataTable4_3:
   \   00000000   0xE000E100         DC32     0xe000e100

   \                                 In section .text, align 4, keep-with-next
   \                     ??DataTable4_4:
   \   00000000   0xE000E180         DC32     0xe000e180

   \                                 In section .text, align 4, keep-with-next
   \                     ??DataTable4_5:
   \   00000000   0x1FFFFF80         DC32     0x1fffff80

   \                                 In section .text, align 4, keep-with-next
   \                     ??DataTable4_6:
   \   00000000   0xE000ED08         DC32     0xe000ed08

   \                                 In section .text, align 4, keep-with-next
   \                     ??DataTable4_7:
   \   00000000   0xE000ED10         DC32     0xe000ed10

   \                                 In section .text, align 4, keep-with-next
   \                     ??DataTable4_8:
   \   00000000   0xE000E010         DC32     0xe000e010
    236          
    237          /**
    238            * @}
    239            */
    240          
    241          /**
    242            * @}
    243            */
    244          
    245          /**
    246            * @}
    247            */
    248          
    249          /************************ (C) COPYRIGHT STMicroelectronics *****END OF FILE****/

   Maximum stack usage in bytes:

   .cstack Function
   ------- --------
      12   NVIC_Init
       0   NVIC_PriorityGroupConfig
       0   NVIC_SetVectorTable
       0   NVIC_SystemLPConfig
       0   SysTick_CLKSourceConfig


   Section sizes:

   Bytes  Function/Label
   -----  --------------
       4  ??DataTable4
       4  ??DataTable4_1
       4  ??DataTable4_2
       4  ??DataTable4_3
       4  ??DataTable4_4
       4  ??DataTable4_5
       4  ??DataTable4_6
       4  ??DataTable4_7
       4  ??DataTable4_8
     106  NVIC_Init
      10  NVIC_PriorityGroupConfig
      12  NVIC_SetVectorTable
      34  NVIC_SystemLPConfig
      32  SysTick_CLKSourceConfig

 
 230 bytes in section .text
 
 230 bytes of CODE memory

Errors: none
Warnings: none
